<?xml version="1.0" encoding="UTF-8"?>
<!-- Generated by org.testng.reporters.JUnitXMLReporter -->
<testsuite hostname="Cory-SSD-PC" name="Default test" tests="6" failures="0" timestamp="12 Oct 2013 13:14:35 GMT" time="132.303" errors="0">
  <testcase name="login" time="9.72" classname="com.cd.reddit.RedditTest"/>
  <testcase name="subredditsPopular" time="14.553" classname="com.cd.reddit.RedditTest"/>
  <testcase name="listingsFor" time="5.641" classname="com.cd.reddit.RedditTest"/>
  <testcase name="commentsForAndMore" time="15.212" classname="com.cd.reddit.RedditTest"/>
  <testcase name="commentAndDelete" time="62.115" classname="com.cd.reddit.RedditTest"/>
  <testcase name="testMeJson" time="1.027" classname="com.cd.reddit.RedditTest"/>
</testsuite> <!-- Default test -->
