<?xml version="1.0" encoding="UTF-8"?>
<testsuite name="Command line test"
           tests="12"
           failures="0"
           errors="0"
           skipped="0"
           time="13.754">
  <properties />
  
  
            <testcase name="vote" time="0.109" classname="com.cd.reddit.RedditTest" />
                <testcase name="newCaptcha" time="0.039" classname="com.cd.reddit.RedditTest" />
                <testcase name="login" time="0.950" classname="com.cd.reddit.RedditTest" />
                <testcase name="testMeJson" time="0.096" classname="com.cd.reddit.RedditTest" />
                <testcase name="subredditsPopular" time="5.689" classname="com.cd.reddit.RedditTest" />
                <testcase name="commentsForWithMore" time="1.118" classname="com.cd.reddit.RedditTest" />
                <testcase name="commentAndDelete" time="4.521" classname="com.cd.reddit.RedditTest" />
                <testcase name="commentsForWithoutMore" time="0.448" classname="com.cd.reddit.RedditTest" />
                <testcase name="testUserInfoFor" time="0.085" classname="com.cd.reddit.RedditTest" />
                <testcase name="listingsFor" time="0.483" classname="com.cd.reddit.RedditTest" />
                <testcase name="testUnmarkNSFW" time="0.141" classname="com.cd.reddit.RedditTest" />
                <testcase name="testMarkNSFW" time="0.075" classname="com.cd.reddit.RedditTest" />
      
</testsuite>
