<?xml version="1.0" encoding="UTF-8" ?>
<testsuite failures="0" time="62.365" errors="0" skipped="0" tests="12" name="TestSuite">
  <properties>
[...]
</properties>
  <testcase time="0.95" classname="com.cd.reddit.RedditTest" name="login"/>
  <testcase time="1.119" classname="com.cd.reddit.RedditTest" name="commentsForWithMore"/>
  <testcase time="0.448" classname="com.cd.reddit.RedditTest" name="commentsForWithoutMore"/>
  <testcase time="5.689" classname="com.cd.reddit.RedditTest" name="subredditsPopular"/>
  <testcase time="0.483" classname="com.cd.reddit.RedditTest" name="listingsFor"/>
  <testcase time="4.521" classname="com.cd.reddit.RedditTest" name="commentAndDelete"/>
  <testcase time="0.075" classname="com.cd.reddit.RedditTest" name="testMarkNSFW"/>
  <testcase time="0.096" classname="com.cd.reddit.RedditTest" name="testMeJson"/>
  <testcase time="0.141" classname="com.cd.reddit.RedditTest" name="testUnmarkNSFW"/>
  <testcase time="0.086" classname="com.cd.reddit.RedditTest" name="testUserInfoFor"/>
  <testcase time="0.109" classname="com.cd.reddit.RedditTest" name="vote"/>
  <testcase time="0.039" classname="com.cd.reddit.RedditTest" name="newCaptcha"/>
</testsuite>