<?xml version="1.0" encoding="UTF-8" ?>
<testsuite failures="0" time="57.956" errors="0" skipped="0" tests="11" name="TestSuite">
  <properties>
[...]
</properties>
  <testcase time="1.192" classname="com.cd.reddit.RedditTest" name="login"/>
  <testcase time="0.46" classname="com.cd.reddit.RedditTest" name="subredditsPopular"/>
  <testcase time="0.258" classname="com.cd.reddit.RedditTest" name="listingsFor"/>
  <testcase time="3.872" classname="com.cd.reddit.RedditTest" name="commentsForAndMore"/>
  <testcase time="4.411" classname="com.cd.reddit.RedditTest" name="commentAndDelete"/>
  <testcase time="0.947" classname="com.cd.reddit.RedditTest" name="testMarkNSFW"/>
  <testcase time="0.083" classname="com.cd.reddit.RedditTest" name="testMeJson"/>
  <testcase time="0.409" classname="com.cd.reddit.RedditTest" name="testUnmarkNSFW"/>
  <testcase time="0.325" classname="com.cd.reddit.RedditTest" name="testUserInfoFor"/>
  <testcase time="1.387" classname="com.cd.reddit.RedditTest" name="vote"/>
  <testcase time="0.037" classname="com.cd.reddit.RedditTest" name="newCaptcha"/>
</testsuite>